app/build/intermediates/manifest_merge_blame_file/release/manifest-merger-blame-release-report.txt
1<?xml version="1.0" encoding="utf-8"?>
2<manifest xmlns:android="http://schemas.android.com/apk/res/android"
3    package="com.example.hvac"
4    android:versionCode="1"
5    android:versionName="1.0" >
6
7    <uses-sdk
8        android:minSdkVersion="19"
8-->src/main/AndroidManifest.xml
9        android:targetSdkVersion="30" />
9-->src/main/AndroidManifest.xml
10
11    <uses-permission android:name="android.permission.ACCESS_FINE_LOCATION" />
11-->src/main/AndroidManifest.xml:5:5-78
11-->src/main/AndroidManifest.xml:5:22-76
12    <uses-permission android:name="android.permission.CHANGE_WIFI_STATE" />
12-->src/main/AndroidManifest.xml:6:5-75
12-->src/main/AndroidManifest.xml:6:22-73
13    <uses-permission android:name="android.permission.ACCESS_WIFI_STATE" />
13-->src/main/AndroidManifest.xml:7:5-75
13-->src/main/AndroidManifest.xml:7:22-73
14
15    <!-- Although the *SdkVersion is captured in gradle build files, this is required for non gradle builds -->
16    <!-- <uses-sdk android:minSdkVersion="14"/> -->
17    <uses-permission android:name="android.permission.ACCESS_NETWORK_STATE" />
17-->[com.google.firebase:firebase-database:19.4.0] AndroidManifest.xml:25:5-79
17-->[com.google.firebase:firebase-database:19.4.0] AndroidManifest.xml:25:22-76
18    <uses-permission android:name="android.permission.INTERNET" />
18-->[com.google.firebase:firebase-database:19.4.0] AndroidManifest.xml:26:5-67
18-->[com.google.firebase:firebase-database:19.4.0] AndroidManifest.xml:26:22-64
19
20    <application
20-->src/main/AndroidManifest.xml:10:5-45:19
21        android:allowBackup="true"
21-->src/main/AndroidManifest.xml:11:9-35
22        android:appComponentFactory="androidx.core.app.CoreComponentFactory"
22-->[androidx.core:core:1.1.0] AndroidManifest.xml:24:18-86
23        android:icon="@mipmap/ic_launcher"
23-->src/main/AndroidManifest.xml:12:9-43
24        android:label="@string/app_name"
24-->src/main/AndroidManifest.xml:13:9-41
25        android:roundIcon="@mipmap/ic_launcher_round"
25-->src/main/AndroidManifest.xml:14:9-54
26        android:supportsRtl="true"
26-->src/main/AndroidManifest.xml:15:9-35
27        android:theme="@style/AppTheme" >
27-->src/main/AndroidManifest.xml:16:9-40
28        <activity android:name="com.example.hvac.wifi" />
28-->src/main/AndroidManifest.xml:17:9-51
28-->src/main/AndroidManifest.xml:17:19-39
29        <activity android:name="com.example.hvac.user_emergency" />
29-->src/main/AndroidManifest.xml:18:9-52
29-->src/main/AndroidManifest.xml:18:19-49
30        <activity android:name="com.example.hvac.splash" >
30-->src/main/AndroidManifest.xml:19:9-25:20
30-->src/main/AndroidManifest.xml:19:19-41
31            <intent-filter>
31-->src/main/AndroidManifest.xml:20:13-24:29
32                <action android:name="android.intent.action.MAIN" />
32-->src/main/AndroidManifest.xml:21:17-69
32-->src/main/AndroidManifest.xml:21:25-66
33
34                <category android:name="android.intent.category.LAUNCHER" />
34-->src/main/AndroidManifest.xml:23:17-77
34-->src/main/AndroidManifest.xml:23:27-74
35            </intent-filter>
36        </activity>
37        <activity android:name="com.example.hvac.addr" />
37-->src/main/AndroidManifest.xml:26:9-42
37-->src/main/AndroidManifest.xml:26:19-39
38        <activity android:name="com.example.hvac.admin_login" />
38-->src/main/AndroidManifest.xml:27:9-49
38-->src/main/AndroidManifest.xml:27:19-46
39        <activity android:name="com.example.hvac.admin_user" />
39-->src/main/AndroidManifest.xml:28:9-48
39-->src/main/AndroidManifest.xml:28:19-45
40        <activity android:name="com.example.hvac.sos" />
40-->src/main/AndroidManifest.xml:29:9-41
40-->src/main/AndroidManifest.xml:29:19-38
41        <activity android:name="com.example.hvac.psi_read" />
41-->src/main/AndroidManifest.xml:30:9-46
41-->src/main/AndroidManifest.xml:30:19-43
42        <activity android:name="com.example.hvac.temp_read" />
42-->src/main/AndroidManifest.xml:31:9-47
42-->src/main/AndroidManifest.xml:31:19-44
43        <activity android:name="com.example.hvac.floortofloor" />
43-->src/main/AndroidManifest.xml:32:9-50
43-->src/main/AndroidManifest.xml:32:19-47
44        <activity android:name="com.example.hvac.accessories_more" />
44-->src/main/AndroidManifest.xml:33:9-54
44-->src/main/AndroidManifest.xml:33:19-51
45        <activity android:name="com.example.hvac.accessories" />
45-->src/main/AndroidManifest.xml:34:9-49
45-->src/main/AndroidManifest.xml:34:19-46
46        <activity android:name="com.example.hvac.gate_open_close" />
46-->src/main/AndroidManifest.xml:35:9-53
46-->src/main/AndroidManifest.xml:35:19-50
47        <activity android:name="com.example.hvac.Main_power_supply" />
47-->src/main/AndroidManifest.xml:36:9-55
47-->src/main/AndroidManifest.xml:36:19-52
48        <activity android:name="com.example.hvac.mode" />
48-->src/main/AndroidManifest.xml:37:9-42
48-->src/main/AndroidManifest.xml:37:19-39
49        <activity android:name="com.example.hvac.room" />
49-->src/main/AndroidManifest.xml:38:9-42
49-->src/main/AndroidManifest.xml:38:19-39
50        <activity android:name="com.example.hvac.supply" />
50-->src/main/AndroidManifest.xml:39:9-44
50-->src/main/AndroidManifest.xml:39:19-41
51        <activity android:name="com.example.hvac.security" />
51-->src/main/AndroidManifest.xml:40:9-46
51-->src/main/AndroidManifest.xml:40:19-43
52        <activity android:name="com.example.hvac.rpm" />
52-->src/main/AndroidManifest.xml:41:9-41
52-->src/main/AndroidManifest.xml:41:19-38
53        <activity android:name="com.example.hvac.main_admin" />
53-->src/main/AndroidManifest.xml:42:9-48
53-->src/main/AndroidManifest.xml:42:19-45
54        <activity android:name="com.example.hvac.MainActivity2" />
54-->src/main/AndroidManifest.xml:43:9-51
54-->src/main/AndroidManifest.xml:43:19-48
55        <activity android:name="com.example.hvac.MainActivity" />
55-->src/main/AndroidManifest.xml:44:9-50
55-->src/main/AndroidManifest.xml:44:19-47
56
57        <service
57-->[com.google.firebase:firebase-database:19.4.0] AndroidManifest.xml:29:9-35:19
58            android:name="com.google.firebase.components.ComponentDiscoveryService"
58-->[com.google.firebase:firebase-database:19.4.0] AndroidManifest.xml:30:13-84
59            android:directBootAware="true"
59-->[com.google.firebase:firebase-common:19.3.1] AndroidManifest.xml:35:13-43
60            android:exported="false" >
60-->[com.google.firebase:firebase-database:19.4.0] AndroidManifest.xml:31:13-37
61            <meta-data
61-->[com.google.firebase:firebase-database:19.4.0] AndroidManifest.xml:32:13-34:85
62                android:name="com.google.firebase.components:com.google.firebase.database.DatabaseRegistrar"
62-->[com.google.firebase:firebase-database:19.4.0] AndroidManifest.xml:33:17-109
63                android:value="com.google.firebase.components.ComponentRegistrar" />
63-->[com.google.firebase:firebase-database:19.4.0] AndroidManifest.xml:34:17-82
64        </service>
65
66        <activity
66-->[com.google.android.gms:play-services-base:17.0.0] AndroidManifest.xml:23:9-26:75
67            android:name="com.google.android.gms.common.api.GoogleApiActivity"
67-->[com.google.android.gms:play-services-base:17.0.0] AndroidManifest.xml:24:13-79
68            android:exported="false"
68-->[com.google.android.gms:play-services-base:17.0.0] AndroidManifest.xml:25:13-37
69            android:theme="@android:style/Theme.Translucent.NoTitleBar" />
69-->[com.google.android.gms:play-services-base:17.0.0] AndroidManifest.xml:26:13-72
70
71        <provider
71-->[com.google.firebase:firebase-common:19.3.1] AndroidManifest.xml:26:9-31:39
72            android:name="com.google.firebase.provider.FirebaseInitProvider"
72-->[com.google.firebase:firebase-common:19.3.1] AndroidManifest.xml:27:13-77
73            android:authorities="com.example.hvac.firebaseinitprovider"
73-->[com.google.firebase:firebase-common:19.3.1] AndroidManifest.xml:28:13-72
74            android:directBootAware="true"
74-->[com.google.firebase:firebase-common:19.3.1] AndroidManifest.xml:29:13-43
75            android:exported="false"
75-->[com.google.firebase:firebase-common:19.3.1] AndroidManifest.xml:30:13-37
76            android:initOrder="100" />
76-->[com.google.firebase:firebase-common:19.3.1] AndroidManifest.xml:31:13-36
77
78        <meta-data
78-->[com.google.android.gms:play-services-basement:17.0.0] AndroidManifest.xml:23:9-25:69
79            android:name="com.google.android.gms.version"
79-->[com.google.android.gms:play-services-basement:17.0.0] AndroidManifest.xml:24:13-58
80            android:value="@integer/google_play_services_version" />
80-->[com.google.android.gms:play-services-basement:17.0.0] AndroidManifest.xml:25:13-66
81    </application>
82
83</manifest>